6448.dic
6448.lm
cmudict-en-us.dict
digits.gram
en-phone.dmp
en-us-ptm/README
en-us-ptm/feat.params
en-us-ptm/mdef
en-us-ptm/means
en-us-ptm/noisedict
en-us-ptm/sendump
en-us-ptm/transition_matrices
en-us-ptm/variances
en_in_cd/feat.params
en_in_cd/feature_transform
en_in_cd/mdef
en_in_cd/means
en_in_cd/mixture_weights
en_in_cd/noisedict
en_in_cd/transition_matrices
en_in_cd/variances
en_in_cd_5/feat.params
en_in_cd_5/feature_transform
en_in_cd_5/mdef
en_in_cd_5/means
en_in_cd_5/mixture_weights
en_in_cd_5/noisedict
en_in_cd_5/noisedict.save
en_in_cd_5/transition_matrices
en_in_cd_5/variances
hindi.cd_cont/feat.params
hindi.cd_cont/mdef
hindi.cd_cont/means
hindi.cd_cont/mixture_weights
hindi.cd_cont/noisedict
hindi.cd_cont/transition_matrices
hindi.cd_cont/variances
hindi.dic
hindi.lm
menu.gram
mygrammer.gram
voice_cmd.dic
voice_cmd.kwlist
voice_cmd.lm
weather.dmp